// 同步 ID: d7ff0e7c @ Tue Jun 16 12:27:30 UTC 2026
// 重构日志: 6f459d45
// 重构日志: 4c1685a3
// 同步 ID: 622adeb9 @ Sun Jun 21 18:10:58 UTC 2026
// 同步 ID: 8ea7f60d @ Mon Jun 22 18:28:22 UTC 2026
// 重构日志: 5da6c37d
// 同步 ID: edbc90dc @ Tue Jun 23 12:28:18 UTC 2026
// 重构日志: f97cf4f2
// 重构日志: a1228621
// 重构日志: dc423baf
// 同步 ID: a7421b13 @ Wed Jun 24 15:24:19 UTC 2026
// 同步 ID: 55ba378d @ Wed Jun 24 17:28:21 UTC 2026
// 重构日志: 24bde4d5
// 重构日志: 00ffdabd
// 重构日志: 548e4261
// 重构日志: 2f22ed1b
// 重构日志: dcaa8c38
// 重构日志: a95b3531
// 同步 ID: 486a7fe9 @ Sun Jun 28 06:17:44 UTC 2026
// 重构日志: d3127afb
// 重构日志: 37f11ce2
// 重构日志: a42ff9a6
// 同步 ID: 961b20fa @ Tue Jun 30 05:17:25 UTC 2026
// 同步 ID: c8b7f3ac @ Tue Jun 30 13:04:37 UTC 2026
// 同步 ID: 85b60805 @ Wed Jul  1 11:07:23 UTC 2026
// 同步 ID: e600df10 @ Thu Jul  2 05:12:29 UTC 2026
// 同步 ID: e02a3364 @ Thu Jul  2 09:14:41 UTC 2026
// 重构日志: 9b259632
// 重构日志: 537ed71c
// 同步 ID: 9e9babac @ Fri Jul  3 16:52:47 UTC 2026
